CatLife-main/build/app/intermediates/manifest_merge_blame_file/release/manifest-merger-blame-release-report.txt
1<?xml version="1.0" encoding="utf-8"?>
2<manifest xmlns:android="http://schemas.android.com/apk/res/android"
3    package="com.GimoMagic.CatLife"
4    android:versionCode="40"
5    android:versionName="1.0.0" >
6
7    <uses-sdk
8        android:minSdkVersion="26"
8-->src/main/AndroidManifest.xml
9        android:targetSdkVersion="33" />
9-->src/main/AndroidManifest.xml
10
11    <uses-permission android:name="android.permission.ACCESS_FINE_LOCATION" />
11-->src/main/AndroidManifest.xml:2:1-75
11-->src/main/AndroidManifest.xml:2:18-72
12    <uses-permission android:name="android.permission.ACCESS_COARSE_LOCATION" />
12-->src/main/AndroidManifest.xml:3:1-77
12-->src/main/AndroidManifest.xml:3:18-74
13    <uses-permission android:name="android.permission.CALL_PHONE" />
13-->src/main/AndroidManifest.xml:4:1-65
13-->src/main/AndroidManifest.xml:4:18-62
14    <uses-permission android:name="android.permission.INTERNET" />
14-->src/main/AndroidManifest.xml:5:1-63
14-->src/main/AndroidManifest.xml:5:18-60
15    <uses-permission android:name="android.permission.RECEIVE_BOOT_COMPLETED" />
15-->[:awesome_notifications_fcm] AndroidManifest.xml:10:5-81
15-->[:awesome_notifications_fcm] AndroidManifest.xml:10:22-78
16    <uses-permission android:name="com.google.android.c2dm.permission.RECEIVE" />
16-->[:awesome_notifications_fcm] AndroidManifest.xml:11:5-82
16-->[:awesome_notifications_fcm] AndroidManifest.xml:11:22-79
17    <uses-permission android:name="android.permission.WAKE_LOCK" />
17-->[:firebase_messaging] AndroidManifest.xml:10:5-68
17-->[:firebase_messaging] AndroidManifest.xml:10:22-65
18    <uses-permission android:name="android.permission.ACCESS_NETWORK_STATE" /> <!-- Permissions options for the `notification` group -->
18-->[:firebase_messaging] AndroidManifest.xml:11:5-79
18-->[:firebase_messaging] AndroidManifest.xml:11:22-76
19    <uses-permission android:name="android.permission.POST_NOTIFICATIONS" />
19-->[:firebase_messaging] AndroidManifest.xml:13:5-77
19-->[:firebase_messaging] AndroidManifest.xml:13:22-74
20
21    <queries>
21-->[:map_launcher] AndroidManifest.xml:9:5-34:15
22        <package android:name="com.google.android.apps.maps" />
22-->[:map_launcher] AndroidManifest.xml:10:9-64
22-->[:map_launcher] AndroidManifest.xml:10:18-61
23        <package android:name="com.google.android.apps.mapslite" />
23-->[:map_launcher] AndroidManifest.xml:11:9-68
23-->[:map_launcher] AndroidManifest.xml:11:18-65
24        <package android:name="com.autonavi.minimap" />
24-->[:map_launcher] AndroidManifest.xml:12:9-56
24-->[:map_launcher] AndroidManifest.xml:12:18-53
25        <package android:name="com.baidu.BaiduMap" />
25-->[:map_launcher] AndroidManifest.xml:13:9-54
25-->[:map_launcher] AndroidManifest.xml:13:18-51
26        <package android:name="com.waze" />
26-->[:map_launcher] AndroidManifest.xml:14:9-44
26-->[:map_launcher] AndroidManifest.xml:14:18-41
27        <package android:name="ru.yandex.yandexnavi" />
27-->[:map_launcher] AndroidManifest.xml:15:9-56
27-->[:map_launcher] AndroidManifest.xml:15:18-53
28        <package android:name="ru.yandex.yandexmaps" />
28-->[:map_launcher] AndroidManifest.xml:16:9-56
28-->[:map_launcher] AndroidManifest.xml:16:18-53
29        <package android:name="com.citymapper.app.release" />
29-->[:map_launcher] AndroidManifest.xml:17:9-62
29-->[:map_launcher] AndroidManifest.xml:17:18-59
30        <package android:name="com.mapswithme.maps.pro" />
30-->[:map_launcher] AndroidManifest.xml:18:9-59
30-->[:map_launcher] AndroidManifest.xml:18:18-56
31        <package android:name="net.osmand" />
31-->[:map_launcher] AndroidManifest.xml:19:9-46
31-->[:map_launcher] AndroidManifest.xml:19:18-43
32        <package android:name="net.osmand.plus" />
32-->[:map_launcher] AndroidManifest.xml:20:9-51
32-->[:map_launcher] AndroidManifest.xml:20:18-48
33        <package android:name="ru.dublgis.dgismobile" />
33-->[:map_launcher] AndroidManifest.xml:21:9-57
33-->[:map_launcher] AndroidManifest.xml:21:18-54
34        <package android:name="com.tencent.map" />
34-->[:map_launcher] AndroidManifest.xml:22:9-51
34-->[:map_launcher] AndroidManifest.xml:22:18-48
35        <package android:name="com.here.app.maps" />
35-->[:map_launcher] AndroidManifest.xml:23:9-53
35-->[:map_launcher] AndroidManifest.xml:23:18-50
36        <package android:name="com.huawei.maps.app" />
36-->[:map_launcher] AndroidManifest.xml:24:9-55
36-->[:map_launcher] AndroidManifest.xml:24:18-52
37        <package android:name="com.alk.copilot.mapviewer" />
37-->[:map_launcher] AndroidManifest.xml:25:9-61
37-->[:map_launcher] AndroidManifest.xml:25:18-58
38        <package android:name="com.tomtom.gplay.navapp" />
38-->[:map_launcher] AndroidManifest.xml:26:9-59
38-->[:map_launcher] AndroidManifest.xml:26:18-56
39        <package android:name="com.tomtom.gplay.navapp.gofleet" />
39-->[:map_launcher] AndroidManifest.xml:27:9-67
39-->[:map_launcher] AndroidManifest.xml:27:18-64
40        <package android:name="com.sygic.truck" />
40-->[:map_launcher] AndroidManifest.xml:28:9-51
40-->[:map_launcher] AndroidManifest.xml:28:18-48
41        <package android:name="nl.flitsmeister" />
41-->[:map_launcher] AndroidManifest.xml:29:9-51
41-->[:map_launcher] AndroidManifest.xml:29:18-48
42        <package android:name="nl.flitsmeister.flux" />
42-->[:map_launcher] AndroidManifest.xml:30:9-56
42-->[:map_launcher] AndroidManifest.xml:30:18-53
43        <package android:name="com.nhn.android.nmap" />
43-->[:map_launcher] AndroidManifest.xml:31:9-56
43-->[:map_launcher] AndroidManifest.xml:31:18-53
44        <package android:name="net.daum.android.map" />
44-->[:map_launcher] AndroidManifest.xml:32:9-56
44-->[:map_launcher] AndroidManifest.xml:32:18-53
45        <package android:name="com.skt.tmap.ku" />
45-->[:map_launcher] AndroidManifest.xml:33:9-51
45-->[:map_launcher] AndroidManifest.xml:33:18-48
46    </queries>
47
48    <uses-permission android:name="android.permission.CAMERA" />
48-->[:camera_android] AndroidManifest.xml:9:5-65
48-->[:camera_android] AndroidManifest.xml:9:22-62
49    <uses-permission android:name="android.permission.RECORD_AUDIO" />
49-->[:camera_android] AndroidManifest.xml:10:5-71
49-->[:camera_android] AndroidManifest.xml:10:22-68
50    <uses-permission android:name="android.permission.BROADCAST_CLOSE_SYSTEM_DIALOGS" />
50-->[:awesome_notifications] AndroidManifest.xml:10:5-89
50-->[:awesome_notifications] AndroidManifest.xml:10:22-86
51    <uses-permission android:name="android.permission.VIBRATE" />
51-->[:awesome_notifications] AndroidManifest.xml:12:5-66
51-->[:awesome_notifications] AndroidManifest.xml:12:22-63
52
53    <uses-feature
53-->[com.google.android.gms:play-services-maps:18.2.0] AndroidManifest.xml:26:5-28:35
54        android:glEsVersion="0x00020000"
54-->[com.google.android.gms:play-services-maps:18.2.0] AndroidManifest.xml:27:9-41
55        android:required="true" />
55-->[com.google.android.gms:play-services-maps:18.2.0] AndroidManifest.xml:28:9-32
56
57    <uses-permission android:name="com.google.android.finsky.permission.BIND_GET_INSTALL_REFERRER_SERVICE" />
57-->[com.google.android.gms:play-services-measurement:21.2.0] AndroidManifest.xml:26:5-110
57-->[com.google.android.gms:play-services-measurement:21.2.0] AndroidManifest.xml:26:22-107
58    <uses-permission android:name="com.google.android.gms.permission.AD_ID" />
58-->[com.google.android.gms:play-services-measurement-api:21.2.0] AndroidManifest.xml:25:5-79
58-->[com.google.android.gms:play-services-measurement-api:21.2.0] AndroidManifest.xml:25:22-76
59
60    <permission
60-->[androidx.core:core:1.10.1] AndroidManifest.xml:22:5-24:47
61        android:name="com.GimoMagic.CatLife.DYNAMIC_RECEIVER_NOT_EXPORTED_PERMISSION"
61-->[androidx.core:core:1.10.1] AndroidManifest.xml:23:9-81
62        android:protectionLevel="signature" />
62-->[androidx.core:core:1.10.1] AndroidManifest.xml:24:9-44
63
64    <uses-permission android:name="com.GimoMagic.CatLife.DYNAMIC_RECEIVER_NOT_EXPORTED_PERMISSION" /> <!-- for android -->
64-->[androidx.core:core:1.10.1] AndroidManifest.xml:26:5-97
64-->[androidx.core:core:1.10.1] AndroidManifest.xml:26:22-94
65    <!-- <uses-permission android:name="com.android.launcher.permission.READ_SETTINGS"/> -->
66    <!-- <uses-permission android:name="com.android.launcher.permission.WRITE_SETTINGS"/> -->
67    <!-- <uses-permission android:name="com.android.launcher.permission.INSTALL_SHORTCUT" /> -->
68    <!-- <uses-permission android:name="com.android.launcher.permission.UNINSTALL_SHORTCUT" /> -->
69    <!-- for Samsung -->
70    <uses-permission android:name="com.sec.android.provider.badge.permission.READ" />
70-->[me.leolin:ShortcutBadger:1.1.22] AndroidManifest.xml:19:5-86
70-->[me.leolin:ShortcutBadger:1.1.22] AndroidManifest.xml:19:22-83
71    <uses-permission android:name="com.sec.android.provider.badge.permission.WRITE" /> <!-- for htc -->
71-->[me.leolin:ShortcutBadger:1.1.22] AndroidManifest.xml:20:5-87
71-->[me.leolin:ShortcutBadger:1.1.22] AndroidManifest.xml:20:22-84
72    <uses-permission android:name="com.htc.launcher.permission.READ_SETTINGS" />
72-->[me.leolin:ShortcutBadger:1.1.22] AndroidManifest.xml:23:5-81
72-->[me.leolin:ShortcutBadger:1.1.22] AndroidManifest.xml:23:22-78
73    <uses-permission android:name="com.htc.launcher.permission.UPDATE_SHORTCUT" /> <!-- for sony -->
73-->[me.leolin:ShortcutBadger:1.1.22] AndroidManifest.xml:24:5-83
73-->[me.leolin:ShortcutBadger:1.1.22] AndroidManifest.xml:24:22-80
74    <uses-permission android:name="com.sonyericsson.home.permission.BROADCAST_BADGE" />
74-->[me.leolin:ShortcutBadger:1.1.22] AndroidManifest.xml:27:5-88
74-->[me.leolin:ShortcutBadger:1.1.22] AndroidManifest.xml:27:22-85
75    <uses-permission android:name="com.sonymobile.home.permission.PROVIDER_INSERT_BADGE" /> <!-- for apex -->
75-->[me.leolin:ShortcutBadger:1.1.22] AndroidManifest.xml:28:5-92
75-->[me.leolin:ShortcutBadger:1.1.22] AndroidManifest.xml:28:22-89
76    <uses-permission android:name="com.anddoes.launcher.permission.UPDATE_COUNT" /> <!-- for solid -->
76-->[me.leolin:ShortcutBadger:1.1.22] AndroidManifest.xml:31:5-84
76-->[me.leolin:ShortcutBadger:1.1.22] AndroidManifest.xml:31:22-81
77    <uses-permission android:name="com.majeur.launcher.permission.UPDATE_BADGE" /> <!-- for huawei -->
77-->[me.leolin:ShortcutBadger:1.1.22] AndroidManifest.xml:34:5-83
77-->[me.leolin:ShortcutBadger:1.1.22] AndroidManifest.xml:34:22-80
78    <uses-permission android:name="com.huawei.android.launcher.permission.CHANGE_BADGE" />
78-->[me.leolin:ShortcutBadger:1.1.22] AndroidManifest.xml:37:5-91
78-->[me.leolin:ShortcutBadger:1.1.22] AndroidManifest.xml:37:22-88
79    <uses-permission android:name="com.huawei.android.launcher.permission.READ_SETTINGS" />
79-->[me.leolin:ShortcutBadger:1.1.22] AndroidManifest.xml:38:5-92
79-->[me.leolin:ShortcutBadger:1.1.22] AndroidManifest.xml:38:22-89
80    <uses-permission android:name="com.huawei.android.launcher.permission.WRITE_SETTINGS" /> <!-- for ZUK -->
80-->[me.leolin:ShortcutBadger:1.1.22] AndroidManifest.xml:39:5-93
80-->[me.leolin:ShortcutBadger:1.1.22] AndroidManifest.xml:39:22-90
81    <uses-permission android:name="android.permission.READ_APP_BADGE" /> <!-- for OPPO -->
81-->[me.leolin:ShortcutBadger:1.1.22] AndroidManifest.xml:42:5-73
81-->[me.leolin:ShortcutBadger:1.1.22] AndroidManifest.xml:42:22-70
82    <uses-permission android:name="com.oppo.launcher.permission.READ_SETTINGS" />
82-->[me.leolin:ShortcutBadger:1.1.22] AndroidManifest.xml:45:5-82
82-->[me.leolin:ShortcutBadger:1.1.22] AndroidManifest.xml:45:22-79
83    <uses-permission android:name="com.oppo.launcher.permission.WRITE_SETTINGS" /> <!-- for EvMe -->
83-->[me.leolin:ShortcutBadger:1.1.22] AndroidManifest.xml:46:5-83
83-->[me.leolin:ShortcutBadger:1.1.22] AndroidManifest.xml:46:22-80
84    <uses-permission android:name="me.everything.badger.permission.BADGE_COUNT_READ" />
84-->[me.leolin:ShortcutBadger:1.1.22] AndroidManifest.xml:49:5-88
84-->[me.leolin:ShortcutBadger:1.1.22] AndroidManifest.xml:49:22-85
85    <uses-permission android:name="me.everything.badger.permission.BADGE_COUNT_WRITE" />
85-->[me.leolin:ShortcutBadger:1.1.22] AndroidManifest.xml:50:5-89
85-->[me.leolin:ShortcutBadger:1.1.22] AndroidManifest.xml:50:22-86
86
87    <application
87-->src/main/AndroidManifest.xml:6:3-40:17
88        android:appComponentFactory="androidx.core.app.CoreComponentFactory"
88-->[androidx.core:core:1.10.1] AndroidManifest.xml:28:18-86
89        android:extractNativeLibs="false"
90        android:icon="@mipmap/ic_launcher"
90-->src/main/AndroidManifest.xml:6:41-75
91        android:label="Cat Life" >
91-->src/main/AndroidManifest.xml:6:16-40
92        <activity
92-->src/main/AndroidManifest.xml:7:5-32:16
93            android:name="com.GimoMagic.CatLife.MainActivity"
93-->src/main/AndroidManifest.xml:7:15-43
94            android:configChanges="orientation|keyboardHidden|keyboard|screenSize|smallestScreenSize|locale|layoutDirection|fontScale|screenLayout|density|uiMode"
94-->src/main/AndroidManifest.xml:7:135-285
95            android:exported="true"
95-->src/main/AndroidManifest.xml:7:44-67
96            android:hardwareAccelerated="true"
96-->src/main/AndroidManifest.xml:7:286-320
97            android:launchMode="singleTask"
97-->src/main/AndroidManifest.xml:7:68-99
98            android:theme="@style/LaunchTheme"
98-->src/main/AndroidManifest.xml:7:100-134
99            android:windowSoftInputMode="adjustResize" >
99-->src/main/AndroidManifest.xml:7:321-363
100
101            <!--
102           Specifies an Android theme to apply to this Activity as soon as
103                 the Android process has started. This theme is visible to the user
104                 while the Flutter UI initializes. After that, this theme continues
105                 to determine the Window background behind the Flutter UI.
106            -->
107            <meta-data
107-->src/main/AndroidManifest.xml:12:7-114
108                android:name="io.flutter.embedding.android.NormalTheme"
108-->src/main/AndroidManifest.xml:12:18-73
109                android:resource="@style/NormalTheme" />
109-->src/main/AndroidManifest.xml:12:74-111
110            <!--
111           Displays an Android View that continues showing the launch screen
112                 Drawable until Flutter paints its first frame, then this splash
113                 screen fades out. A splash screen is useful to avoid any visual
114                 gap between the end of Android's launch screen and the painting of
115                 Flutter's first frame.
116            -->
117            <meta-data
117-->src/main/AndroidManifest.xml:18:7-132
118                android:name="io.flutter.embedding.android.SplashScreenDrawable"
118-->src/main/AndroidManifest.xml:18:18-82
119                android:resource="@drawable/launch_background" />
119-->src/main/AndroidManifest.xml:18:83-129
120
121            <intent-filter>
121-->src/main/AndroidManifest.xml:19:7-22:23
122                <action android:name="android.intent.action.MAIN" />
122-->src/main/AndroidManifest.xml:20:9-61
122-->src/main/AndroidManifest.xml:20:17-58
123
124                <category android:name="android.intent.category.LAUNCHER" />
124-->src/main/AndroidManifest.xml:21:9-69
124-->src/main/AndroidManifest.xml:21:19-66
125            </intent-filter>
126
127            <meta-data
127-->src/main/AndroidManifest.xml:23:7-84
128                android:name="flutter_deeplinking_enabled"
128-->src/main/AndroidManifest.xml:23:18-60
129                android:value="true" />
129-->src/main/AndroidManifest.xml:23:61-81
130
131            <intent-filter android:autoVerify="true" >
131-->src/main/AndroidManifest.xml:24:7-31:23
131-->src/main/AndroidManifest.xml:24:22-47
132                <action android:name="android.intent.action.VIEW" />
132-->src/main/AndroidManifest.xml:25:9-61
132-->src/main/AndroidManifest.xml:25:17-58
133
134                <category android:name="android.intent.category.DEFAULT" />
134-->src/main/AndroidManifest.xml:26:9-68
134-->src/main/AndroidManifest.xml:26:19-65
135                <category android:name="android.intent.category.BROWSABLE" />
135-->src/main/AndroidManifest.xml:27:9-70
135-->src/main/AndroidManifest.xml:27:19-67
136
137                <data android:scheme="https" />
137-->src/main/AndroidManifest.xml:28:9-39
137-->src/main/AndroidManifest.xml:28:15-37
138                <data android:scheme="http" />
138-->src/main/AndroidManifest.xml:28:9-39
138-->src/main/AndroidManifest.xml:28:15-37
139                <data android:host="gimomagic.com.co" />
139-->src/main/AndroidManifest.xml:28:9-39
139-->src/main/AndroidManifest.xml:30:15-46
140            </intent-filter>
141        </activity>
142
143        <meta-data
143-->src/main/AndroidManifest.xml:33:5-35:31
144            android:name="firebase_analytics_collection_enabled"
144-->src/main/AndroidManifest.xml:34:7-59
145            android:value="false" />
145-->src/main/AndroidManifest.xml:35:7-28
146        <!--
147         Don't delete the meta-data below.
148             This is used by the Flutter tool to generate GeneratedPluginRegistrant.java
149        -->
150        <meta-data
150-->src/main/AndroidManifest.xml:38:5-68
151            android:name="flutterEmbedding"
151-->src/main/AndroidManifest.xml:38:16-47
152            android:value="2" />
152-->src/main/AndroidManifest.xml:38:48-65
153        <meta-data
153-->src/main/AndroidManifest.xml:39:5-120
154            android:name="com.google.android.geo.API_KEY"
154-->src/main/AndroidManifest.xml:39:16-61
155            android:value="AIzaSyDBSLtAFqzfVi3X65FDL_9xI9E29a5ZSRs" />
155-->src/main/AndroidManifest.xml:39:62-117
156        <meta-data
156-->[:awesome_notifications_fcm] AndroidManifest.xml:14:9-16:36
157            android:name="firebase_messaging_auto_init_enabled"
157-->[:awesome_notifications_fcm] AndroidManifest.xml:15:13-64
158            android:value="true" />
158-->[:awesome_notifications_fcm] AndroidManifest.xml:16:13-33
159        <meta-data
159-->[:awesome_notifications_fcm] AndroidManifest.xml:17:9-19:36
160            android:name="delivery_metrics_exported_to_big_query_enabled"
160-->[:awesome_notifications_fcm] AndroidManifest.xml:18:13-74
161            android:value="true" />
161-->[:awesome_notifications_fcm] AndroidManifest.xml:19:13-33
162
163        <receiver
163-->[:awesome_notifications_fcm] AndroidManifest.xml:21:9-29:20
164            android:name="me.carda.awesome_notifications_fcm.core.services.BootBroadcastReceiver"
164-->[:awesome_notifications_fcm] AndroidManifest.xml:22:13-98
165            android:exported="true" >
165-->[:awesome_notifications_fcm] AndroidManifest.xml:23:13-36
166            <intent-filter>
166-->[:awesome_notifications_fcm] AndroidManifest.xml:24:13-28:29
167                <action android:name="android.intent.action.BOOT_COMPLETED" />
167-->[:awesome_notifications_fcm] AndroidManifest.xml:25:17-79
167-->[:awesome_notifications_fcm] AndroidManifest.xml:25:25-76
168
169                <category android:name="android.intent.category.HOME" />
169-->[:awesome_notifications_fcm] AndroidManifest.xml:27:17-73
169-->[:awesome_notifications_fcm] AndroidManifest.xml:27:27-70
170            </intent-filter>
171        </receiver>
172
173        <service
173-->[:awesome_notifications_fcm] AndroidManifest.xml:31:9-38:19
174            android:name="me.carda.awesome_notifications_fcm.DartFcmService"
174-->[:awesome_notifications_fcm] AndroidManifest.xml:32:13-77
175            android:directBootAware="true"
175-->[:awesome_notifications_fcm] AndroidManifest.xml:33:13-43
176            android:exported="false" >
176-->[:awesome_notifications_fcm] AndroidManifest.xml:34:13-37
177            <intent-filter>
177-->[:awesome_notifications_fcm] AndroidManifest.xml:35:13-37:29
178                <action android:name="com.google.firebase.MESSAGING_EVENT" />
178-->[:awesome_notifications_fcm] AndroidManifest.xml:36:17-78
178-->[:awesome_notifications_fcm] AndroidManifest.xml:36:25-75
179            </intent-filter>
180        </service>
181        <service
181-->[:firebase_messaging] AndroidManifest.xml:16:9-19:72
182            android:name="io.flutter.plugins.firebase.messaging.FlutterFirebaseMessagingBackgroundService"
182-->[:firebase_messaging] AndroidManifest.xml:17:13-107
183            android:exported="false"
183-->[:firebase_messaging] AndroidManifest.xml:18:13-37
184            android:permission="android.permission.BIND_JOB_SERVICE" />
184-->[:firebase_messaging] AndroidManifest.xml:19:13-69
185        <service
185-->[:firebase_messaging] AndroidManifest.xml:20:9-26:19
186            android:name="io.flutter.plugins.firebase.messaging.FlutterFirebaseMessagingService"
186-->[:firebase_messaging] AndroidManifest.xml:21:13-97
187            android:exported="false" >
187-->[:firebase_messaging] AndroidManifest.xml:22:13-37
188            <intent-filter>
188-->[:awesome_notifications_fcm] AndroidManifest.xml:35:13-37:29
189                <action android:name="com.google.firebase.MESSAGING_EVENT" />
189-->[:awesome_notifications_fcm] AndroidManifest.xml:36:17-78
189-->[:awesome_notifications_fcm] AndroidManifest.xml:36:25-75
190            </intent-filter>
191        </service>
192
193        <receiver
193-->[:firebase_messaging] AndroidManifest.xml:28:9-35:20
194            android:name="io.flutter.plugins.firebase.messaging.FlutterFirebaseMessagingReceiver"
194-->[:firebase_messaging] AndroidManifest.xml:29:13-98
195            android:exported="true"
195-->[:firebase_messaging] AndroidManifest.xml:30:13-36
196            android:permission="com.google.android.c2dm.permission.SEND" >
196-->[:firebase_messaging] AndroidManifest.xml:31:13-73
197            <intent-filter>
197-->[:firebase_messaging] AndroidManifest.xml:32:13-34:29
198                <action android:name="com.google.android.c2dm.intent.RECEIVE" />
198-->[:firebase_messaging] AndroidManifest.xml:33:17-81
198-->[:firebase_messaging] AndroidManifest.xml:33:25-78
199            </intent-filter>
200        </receiver>
201
202        <service
202-->[:firebase_messaging] AndroidManifest.xml:37:9-41:19
203            android:name="com.google.firebase.components.ComponentDiscoveryService"
203-->[:firebase_messaging] AndroidManifest.xml:37:18-89
204            android:directBootAware="true"
204-->[com.google.firebase:firebase-common:20.2.0] AndroidManifest.xml:34:13-43
205            android:exported="false" >
205-->[com.google.firebase:firebase-firestore:24.4.1] AndroidManifest.xml:18:13-37
206            <meta-data
206-->[:firebase_messaging] AndroidManifest.xml:38:13-40:85
207                android:name="com.google.firebase.components:io.flutter.plugins.firebase.messaging.FlutterFirebaseAppRegistrar"
207-->[:firebase_messaging] AndroidManifest.xml:39:17-128
208                android:value="com.google.firebase.components.ComponentRegistrar" />
208-->[:firebase_messaging] AndroidManifest.xml:40:17-82
209            <meta-data
209-->[:cloud_firestore] AndroidManifest.xml:11:13-13:85
210                android:name="com.google.firebase.components:io.flutter.plugins.firebase.firestore.FlutterFirebaseFirestoreRegistrar"
210-->[:cloud_firestore] AndroidManifest.xml:12:17-134
211                android:value="com.google.firebase.components.ComponentRegistrar" />
211-->[:cloud_firestore] AndroidManifest.xml:13:17-82
212            <meta-data
212-->[:firebase_core] AndroidManifest.xml:11:13-13:85
213                android:name="com.google.firebase.components:io.flutter.plugins.firebase.core.FlutterFirebaseCoreRegistrar"
213-->[:firebase_core] AndroidManifest.xml:12:17-124
214                android:value="com.google.firebase.components.ComponentRegistrar" />
214-->[:firebase_core] AndroidManifest.xml:13:17-82
215            <meta-data
215-->[com.google.firebase:firebase-firestore:24.4.1] AndroidManifest.xml:19:13-21:85
216                android:name="com.google.firebase.components:com.google.firebase.firestore.FirestoreRegistrar"
216-->[com.google.firebase:firebase-firestore:24.4.1] AndroidManifest.xml:20:17-111
217                android:value="com.google.firebase.components.ComponentRegistrar" />
217-->[com.google.firebase:firebase-firestore:24.4.1] AndroidManifest.xml:21:17-82
218            <meta-data
218-->[com.google.firebase:firebase-messaging:23.0.8] AndroidManifest.xml:56:13-58:85
219                android:name="com.google.firebase.components:com.google.firebase.messaging.FirebaseMessagingRegistrar"
219-->[com.google.firebase:firebase-messaging:23.0.8] AndroidManifest.xml:57:17-119
220                android:value="com.google.firebase.components.ComponentRegistrar" />
220-->[com.google.firebase:firebase-messaging:23.0.8] AndroidManifest.xml:58:17-82
221            <meta-data
221-->[com.google.android.gms:play-services-measurement-api:21.2.0] AndroidManifest.xml:31:13-33:85
222                android:name="com.google.firebase.components:com.google.firebase.analytics.connector.internal.AnalyticsConnectorRegistrar"
222-->[com.google.android.gms:play-services-measurement-api:21.2.0] AndroidManifest.xml:32:17-139
223                android:value="com.google.firebase.components.ComponentRegistrar" />
223-->[com.google.android.gms:play-services-measurement-api:21.2.0] AndroidManifest.xml:33:17-82
224            <meta-data
224-->[com.google.firebase:firebase-datatransport:18.1.6] AndroidManifest.xml:28:13-30:85
225                android:name="com.google.firebase.components:com.google.firebase.datatransport.TransportRegistrar"
225-->[com.google.firebase:firebase-datatransport:18.1.6] AndroidManifest.xml:29:17-115
226                android:value="com.google.firebase.components.ComponentRegistrar" />
226-->[com.google.firebase:firebase-datatransport:18.1.6] AndroidManifest.xml:30:17-82
227            <meta-data
227-->[com.google.firebase:firebase-installations:17.0.3] AndroidManifest.xml:18:13-20:85
228                android:name="com.google.firebase.components:com.google.firebase.installations.FirebaseInstallationsRegistrar"
228-->[com.google.firebase:firebase-installations:17.0.3] AndroidManifest.xml:19:17-127
229                android:value="com.google.firebase.components.ComponentRegistrar" />
229-->[com.google.firebase:firebase-installations:17.0.3] AndroidManifest.xml:20:17-82
230        </service>
231
232        <provider
232-->[:firebase_messaging] AndroidManifest.xml:43:9-47:38
233            android:name="io.flutter.plugins.firebase.messaging.FlutterFirebaseMessagingInitProvider"
233-->[:firebase_messaging] AndroidManifest.xml:44:13-102
234            android:authorities="com.GimoMagic.CatLife.flutterfirebasemessaginginitprovider"
234-->[:firebase_messaging] AndroidManifest.xml:45:13-88
235            android:exported="false"
235-->[:firebase_messaging] AndroidManifest.xml:46:13-37
236            android:initOrder="99" />
236-->[:firebase_messaging] AndroidManifest.xml:47:13-35
237
238        <service
238-->[:geolocator_android] AndroidManifest.xml:10:9-14:56
239            android:name="com.baseflow.geolocator.GeolocatorLocationService"
239-->[:geolocator_android] AndroidManifest.xml:11:13-77
240            android:enabled="true"
240-->[:geolocator_android] AndroidManifest.xml:12:13-35
241            android:exported="false"
241-->[:geolocator_android] AndroidManifest.xml:13:13-37
242            android:foregroundServiceType="location" />
242-->[:geolocator_android] AndroidManifest.xml:14:13-53
243
244        <provider
244-->[:image_picker_android] AndroidManifest.xml:10:9-18:20
245            android:name="io.flutter.plugins.imagepicker.ImagePickerFileProvider"
245-->[:image_picker_android] AndroidManifest.xml:11:13-82
246            android:authorities="com.GimoMagic.CatLife.flutter.image_provider"
246-->[:image_picker_android] AndroidManifest.xml:12:13-74
247            android:exported="false"
247-->[:image_picker_android] AndroidManifest.xml:13:13-37
248            android:grantUriPermissions="true" >
248-->[:image_picker_android] AndroidManifest.xml:14:13-47
249            <meta-data
249-->[:image_picker_android] AndroidManifest.xml:15:13-17:75
250                android:name="android.support.FILE_PROVIDER_PATHS"
250-->[:image_picker_android] AndroidManifest.xml:16:17-67
251                android:resource="@xml/flutter_image_picker_file_paths" />
251-->[:image_picker_android] AndroidManifest.xml:17:17-72
252        </provider>
253
254        <receiver
254-->[:awesome_notifications] AndroidManifest.xml:15:9-17:39
255            android:name="me.carda.awesome_notifications.DartNotificationActionReceiver"
255-->[:awesome_notifications] AndroidManifest.xml:16:13-89
256            android:exported="true" />
256-->[:awesome_notifications] AndroidManifest.xml:17:13-36
257        <receiver
257-->[:awesome_notifications] AndroidManifest.xml:18:9-20:39
258            android:name="me.carda.awesome_notifications.DartDismissedNotificationReceiver"
258-->[:awesome_notifications] AndroidManifest.xml:19:13-92
259            android:exported="true" />
259-->[:awesome_notifications] AndroidManifest.xml:20:13-36
260        <receiver
260-->[:awesome_notifications] AndroidManifest.xml:21:9-23:39
261            android:name="me.carda.awesome_notifications.DartScheduledNotificationReceiver"
261-->[:awesome_notifications] AndroidManifest.xml:22:13-92
262            android:exported="true" />
262-->[:awesome_notifications] AndroidManifest.xml:23:13-36
263        <receiver
263-->[:awesome_notifications] AndroidManifest.xml:24:9-38:20
264            android:name="me.carda.awesome_notifications.DartRefreshSchedulesReceiver"
264-->[:awesome_notifications] AndroidManifest.xml:25:13-87
265            android:enabled="true"
265-->[:awesome_notifications] AndroidManifest.xml:26:13-35
266            android:exported="true" >
266-->[:awesome_notifications] AndroidManifest.xml:27:13-36
267            <intent-filter>